[2018-12-04 10:20:37.935] [exthost1] [info] extension host started
[2018-12-04 10:20:37.963] [exthost1] [info] ExtensionService#_doActivateExtension vscode.debug-auto-launch {"startup":true,"activationEvent":"*"}
[2018-12-04 10:20:37.964] [exthost1] [info] ExtensionService#loadCommonJSModule /home/dit/.codemix/engine/resources/app/extensions/debug-auto-launch/out/extension
[2018-12-04 10:20:38.052] [exthost1] [info] ExtensionService#_doActivateExtension vscode.emmet {"startup":true,"activationEvent":"*"}
[2018-12-04 10:20:38.052] [exthost1] [info] ExtensionService#loadCommonJSModule /home/dit/.codemix/engine/resources/app/extensions/emmet/dist/extension
[2018-12-04 10:20:38.154] [exthost1] [info] ExtensionService#_doActivateExtension vscode.merge-conflict {"startup":true,"activationEvent":"*"}
[2018-12-04 10:20:38.154] [exthost1] [info] ExtensionService#loadCommonJSModule /home/dit/.codemix/engine/resources/app/extensions/merge-conflict/out/extension
[2018-12-04 10:20:38.833] [exthost1] [info] ExtensionService#_doActivateExtension vscode.search-rg {"startup":true,"activationEvent":"*"}
[2018-12-04 10:20:38.833] [exthost1] [info] ExtensionService#loadCommonJSModule /home/dit/.codemix/engine/resources/app/extensions/search-rg/out/extension
[2018-12-04 10:20:38.982] [exthost1] [info] ExtensionService#_doActivateExtension christian-kohler.path-intellisense {"startup":true,"activationEvent":"*"}
[2018-12-04 10:20:38.982] [exthost1] [info] ExtensionService#loadCommonJSModule /home/dit/.codemix/extensions/christian-kohler.path-intellisense-1.4.2/out/src/extension
[2018-12-04 10:20:39.041] [exthost1] [info] ExtensionService#_doActivateExtension dbaeumer.vscode-eslint {"startup":true,"activationEvent":"*"}
[2018-12-04 10:20:39.041] [exthost1] [info] ExtensionService#loadCommonJSModule /home/dit/.codemix/extensions/dbaeumer.vscode-eslint-1.4.10/client/out/extension
[2018-12-04 10:20:39.119] [exthost1] [info] ExtensionService#_doActivateExtension formulahendry.auto-close-tag {"startup":true,"activationEvent":"*"}
[2018-12-04 10:20:39.119] [exthost1] [info] ExtensionService#loadCommonJSModule /home/dit/.codemix/extensions/formulahendry.auto-close-tag-0.5.6/out/src/extension
[2018-12-04 10:20:39.121] [exthost1] [info] ExtensionService#_doActivateExtension HookyQR.beautify {"startup":true,"activationEvent":"*"}
[2018-12-04 10:20:39.121] [exthost1] [info] ExtensionService#loadCommonJSModule /home/dit/.codemix/extensions/hookyqr.beautify-1.3.0/extension
[2018-12-04 10:20:39.226] [exthost1] [info] eager extensions activated
[2018-12-04 10:20:37.935] [exthost1] [info] extension host started
[2018-12-04 10:20:37.972] [exthost1] [info] ExtensionService#_doActivateExtension vscode.debug-auto-launch {"startup":true,"activationEvent":"*"}
[2018-12-04 10:20:37.972] [exthost1] [info] ExtensionService#loadCommonJSModule /home/dit/.codemix/engine/resources/app/extensions/debug-auto-launch/out/extension
[2018-12-04 10:20:38.056] [exthost1] [info] ExtensionService#_doActivateExtension vscode.emmet {"startup":true,"activationEvent":"*"}
[2018-12-04 10:20:38.056] [exthost1] [info] ExtensionService#loadCommonJSModule /home/dit/.codemix/engine/resources/app/extensions/emmet/dist/extension
[2018-12-04 10:20:38.200] [exthost1] [info] ExtensionService#_doActivateExtension vscode.merge-conflict {"startup":true,"activationEvent":"*"}
[2018-12-04 10:20:38.200] [exthost1] [info] ExtensionService#loadCommonJSModule /home/dit/.codemix/engine/resources/app/extensions/merge-conflict/out/extension
[2018-12-04 10:20:38.833] [exthost1] [info] ExtensionService#_doActivateExtension vscode.search-rg {"startup":true,"activationEvent":"*"}
[2018-12-04 10:20:38.833] [exthost1] [info] ExtensionService#loadCommonJSModule /home/dit/.codemix/engine/resources/app/extensions/search-rg/out/extension
[2018-12-04 10:20:38.982] [exthost1] [info] ExtensionService#_doActivateExtension christian-kohler.path-intellisense {"startup":true,"activationEvent":"*"}
[2018-12-04 10:20:38.982] [exthost1] [info] ExtensionService#loadCommonJSModule /home/dit/.codemix/extensions/christian-kohler.path-intellisense-1.4.2/out/src/extension
[2018-12-04 10:20:39.041] [exthost1] [info] ExtensionService#_doActivateExtension dbaeumer.vscode-eslint {"startup":true,"activationEvent":"*"}
[2018-12-04 10:20:39.041] [exthost1] [info] ExtensionService#loadCommonJSModule /home/dit/.codemix/extensions/dbaeumer.vscode-eslint-1.4.10/client/out/extension
[2018-12-04 10:20:39.120] [exthost1] [info] ExtensionService#_doActivateExtension formulahendry.auto-close-tag {"startup":true,"activationEvent":"*"}
[2018-12-04 10:20:39.120] [exthost1] [info] ExtensionService#loadCommonJSModule /home/dit/.codemix/extensions/formulahendry.auto-close-tag-0.5.6/out/src/extension
[2018-12-04 10:20:39.121] [exthost1] [info] ExtensionService#_doActivateExtension HookyQR.beautify {"startup":true,"activationEvent":"*"}
[2018-12-04 10:20:39.121] [exthost1] [info] ExtensionService#loadCommonJSModule /home/dit/.codemix/extensions/hookyqr.beautify-1.3.0/extension
[2018-12-04 10:20:39.226] [exthost1] [info] eager extensions activated
[2018-12-04 10:20:39.228] [exthost1] [info] ExtensionService#_doActivateExtension vscode.configuration-editing {"startup":false,"activationEvent":"onLanguage:jsonc"}
[2018-12-04 10:20:39.228] [exthost1] [info] ExtensionService#loadCommonJSModule /home/dit/.codemix/engine/resources/app/extensions/configuration-editing/out/extension
[2018-12-04 10:20:39.264] [exthost1] [info] ExtensionService#_doActivateExtension vscode.json-language-features {"startup":false,"activationEvent":"onLanguage:jsonc"}
[2018-12-04 10:20:39.264] [exthost1] [info] ExtensionService#loadCommonJSModule /home/dit/.codemix/engine/resources/app/extensions/json-language-features/client/dist/jsonMain
[2018-12-04 10:20:39.881] [exthost1] [info] ExtensionService#_doActivateExtension vscode.typescript-language-features {"startup":false,"activationEvent":"onLanguage:jsonc"}
[2018-12-04 10:20:39.881] [exthost1] [info] ExtensionService#loadCommonJSModule /home/dit/.codemix/engine/resources/app/extensions/typescript-language-features/dist/extension
[2018-12-04 10:20:41.080] [exthost1] [info] ExtensionService#_doActivateExtension vscode.grunt {"startup":false,"activationEvent":"onCommand:workbench.action.tasks.runTask"}
[2018-12-04 10:20:41.080] [exthost1] [info] ExtensionService#loadCommonJSModule /home/dit/.codemix/engine/resources/app/extensions/grunt/out/main
[2018-12-04 10:20:41.291] [exthost1] [info] ExtensionService#_doActivateExtension vscode.gulp {"startup":false,"activationEvent":"onCommand:workbench.action.tasks.runTask"}
[2018-12-04 10:20:41.291] [exthost1] [info] ExtensionService#loadCommonJSModule /home/dit/.codemix/engine/resources/app/extensions/gulp/out/main
[2018-12-04 10:20:41.300] [exthost1] [info] ExtensionService#_doActivateExtension vscode.jake {"startup":false,"activationEvent":"onCommand:workbench.action.tasks.runTask"}
[2018-12-04 10:20:41.300] [exthost1] [info] ExtensionService#loadCommonJSModule /home/dit/.codemix/engine/resources/app/extensions/jake/out/main
[2018-12-04 10:20:41.336] [exthost1] [info] ExtensionService#_doActivateExtension vscode.npm {"startup":false,"activationEvent":"onCommand:workbench.action.tasks.runTask"}
[2018-12-04 10:20:41.336] [exthost1] [info] ExtensionService#loadCommonJSModule /home/dit/.codemix/engine/resources/app/extensions/npm/out/main
