[2018-12-03 17:11:55.083] [exthost1] [info] extension host started
[2018-12-03 17:11:55.111] [exthost1] [info] ExtensionService#_doActivateExtension vscode.debug-auto-launch {"startup":true,"activationEvent":"*"}
[2018-12-03 17:11:55.111] [exthost1] [info] ExtensionService#loadCommonJSModule /home/dit/.codemix/engine/resources/app/extensions/debug-auto-launch/out/extension
[2018-12-03 17:11:55.320] [exthost1] [info] ExtensionService#_doActivateExtension vscode.emmet {"startup":true,"activationEvent":"*"}
[2018-12-03 17:11:55.320] [exthost1] [info] ExtensionService#loadCommonJSModule /home/dit/.codemix/engine/resources/app/extensions/emmet/dist/extension
[2018-12-03 17:11:55.428] [exthost1] [info] ExtensionService#_doActivateExtension vscode.merge-conflict {"startup":true,"activationEvent":"*"}
[2018-12-03 17:11:55.428] [exthost1] [info] ExtensionService#loadCommonJSModule /home/dit/.codemix/engine/resources/app/extensions/merge-conflict/out/extension
[2018-12-03 17:11:55.594] [exthost1] [info] ExtensionService#_doActivateExtension vscode.search-rg {"startup":true,"activationEvent":"*"}
[2018-12-03 17:11:55.594] [exthost1] [info] ExtensionService#loadCommonJSModule /home/dit/.codemix/engine/resources/app/extensions/search-rg/out/extension
[2018-12-03 17:11:55.779] [exthost1] [info] ExtensionService#_doActivateExtension christian-kohler.path-intellisense {"startup":true,"activationEvent":"*"}
[2018-12-03 17:11:55.779] [exthost1] [info] ExtensionService#loadCommonJSModule /home/dit/.codemix/extensions/christian-kohler.path-intellisense-1.4.2/out/src/extension
[2018-12-03 17:11:55.933] [exthost1] [info] ExtensionService#_doActivateExtension dbaeumer.vscode-eslint {"startup":true,"activationEvent":"*"}
[2018-12-03 17:11:55.933] [exthost1] [info] ExtensionService#loadCommonJSModule /home/dit/.codemix/extensions/dbaeumer.vscode-eslint-1.4.10/client/out/extension
[2018-12-03 17:11:56.184] [exthost1] [info] ExtensionService#_doActivateExtension formulahendry.auto-close-tag {"startup":true,"activationEvent":"*"}
[2018-12-03 17:11:56.184] [exthost1] [info] ExtensionService#loadCommonJSModule /home/dit/.codemix/extensions/formulahendry.auto-close-tag-0.5.6/out/src/extension
[2018-12-03 17:11:56.199] [exthost1] [info] ExtensionService#_doActivateExtension HookyQR.beautify {"startup":true,"activationEvent":"*"}
[2018-12-03 17:11:56.199] [exthost1] [info] ExtensionService#loadCommonJSModule /home/dit/.codemix/extensions/hookyqr.beautify-1.3.0/extension
[2018-12-03 17:11:56.284] [exthost1] [info] eager extensions activated
[2018-12-03 17:11:56.286] [exthost1] [info] ExtensionService#_doActivateExtension vscode.configuration-editing {"startup":false,"activationEvent":"onLanguage:jsonc"}
[2018-12-03 17:11:56.286] [exthost1] [info] ExtensionService#loadCommonJSModule /home/dit/.codemix/engine/resources/app/extensions/configuration-editing/out/extension
[2018-12-03 17:11:56.468] [exthost1] [info] ExtensionService#_doActivateExtension vscode.json-language-features {"startup":false,"activationEvent":"onLanguage:jsonc"}
[2018-12-03 17:11:56.468] [exthost1] [info] ExtensionService#loadCommonJSModule /home/dit/.codemix/engine/resources/app/extensions/json-language-features/client/dist/jsonMain
[2018-12-03 17:11:57.148] [exthost1] [info] ExtensionService#_doActivateExtension vscode.typescript-language-features {"startup":false,"activationEvent":"onLanguage:jsonc"}
[2018-12-03 17:11:57.098] [exthost1] [info] extension host started
[2018-12-03 17:11:57.140] [exthost1] [info] ExtensionService#_doActivateExtension vscode.debug-auto-launch {"startup":true,"activationEvent":"*"}
[2018-12-03 17:11:57.140] [exthost1] [info] ExtensionService#loadCommonJSModule /home/dit/.codemix/engine/resources/app/extensions/debug-auto-launch/out/extension
[2018-12-03 17:11:57.153] [exthost1] [info] ExtensionService#_doActivateExtension vscode.emmet {"startup":true,"activationEvent":"*"}
[2018-12-03 17:11:57.153] [exthost1] [info] ExtensionService#loadCommonJSModule /home/dit/.codemix/engine/resources/app/extensions/emmet/dist/extension
[2018-12-03 17:11:57.206] [exthost1] [info] ExtensionService#_doActivateExtension vscode.merge-conflict {"startup":true,"activationEvent":"*"}
[2018-12-03 17:11:57.206] [exthost1] [info] ExtensionService#loadCommonJSModule /home/dit/.codemix/engine/resources/app/extensions/merge-conflict/out/extension
[2018-12-03 17:11:57.215] [exthost1] [info] ExtensionService#_doActivateExtension vscode.search-rg {"startup":true,"activationEvent":"*"}
[2018-12-03 17:11:57.215] [exthost1] [info] ExtensionService#loadCommonJSModule /home/dit/.codemix/engine/resources/app/extensions/search-rg/out/extension
[2018-12-03 17:11:57.228] [exthost1] [info] ExtensionService#_doActivateExtension christian-kohler.path-intellisense {"startup":true,"activationEvent":"*"}
[2018-12-03 17:11:57.228] [exthost1] [info] ExtensionService#loadCommonJSModule /home/dit/.codemix/extensions/christian-kohler.path-intellisense-1.4.2/out/src/extension
[2018-12-03 17:11:57.238] [exthost1] [info] ExtensionService#_doActivateExtension dbaeumer.vscode-eslint {"startup":true,"activationEvent":"*"}
[2018-12-03 17:11:57.238] [exthost1] [info] ExtensionService#loadCommonJSModule /home/dit/.codemix/extensions/dbaeumer.vscode-eslint-1.4.10/client/out/extension
[2018-12-03 17:11:57.309] [exthost1] [info] ExtensionService#_doActivateExtension formulahendry.auto-close-tag {"startup":true,"activationEvent":"*"}
[2018-12-03 17:11:57.309] [exthost1] [info] ExtensionService#loadCommonJSModule /home/dit/.codemix/extensions/formulahendry.auto-close-tag-0.5.6/out/src/extension
[2018-12-03 17:11:57.310] [exthost1] [info] ExtensionService#_doActivateExtension HookyQR.beautify {"startup":true,"activationEvent":"*"}
[2018-12-03 17:11:57.310] [exthost1] [info] ExtensionService#loadCommonJSModule /home/dit/.codemix/extensions/hookyqr.beautify-1.3.0/extension
[2018-12-03 17:11:57.359] [exthost1] [info] eager extensions activated
[2018-12-03 17:11:57.359] [exthost1] [info] ExtensionService#_doActivateExtension vscode.configuration-editing {"startup":false,"activationEvent":"onLanguage:jsonc"}
[2018-12-03 17:11:57.359] [exthost1] [info] ExtensionService#loadCommonJSModule /home/dit/.codemix/engine/resources/app/extensions/configuration-editing/out/extension
[2018-12-03 17:11:57.369] [exthost1] [info] ExtensionService#_doActivateExtension vscode.json-language-features {"startup":false,"activationEvent":"onLanguage:jsonc"}
[2018-12-03 17:11:57.369] [exthost1] [info] ExtensionService#loadCommonJSModule /home/dit/.codemix/engine/resources/app/extensions/json-language-features/client/dist/jsonMain
[2018-12-03 17:11:57.510] [exthost1] [info] ExtensionService#_doActivateExtension vscode.typescript-language-features {"startup":false,"activationEvent":"onLanguage:jsonc"}
[2018-12-03 17:11:57.510] [exthost1] [info] ExtensionService#loadCommonJSModule /home/dit/.codemix/engine/resources/app/extensions/typescript-language-features/dist/extension
[2018-12-03 17:11:58.867] [exthost1] [info] ExtensionService#_doActivateExtension vscode.grunt {"startup":false,"activationEvent":"onCommand:workbench.action.tasks.runTask"}
[2018-12-03 17:11:58.867] [exthost1] [info] ExtensionService#loadCommonJSModule /home/dit/.codemix/engine/resources/app/extensions/grunt/out/main
[2018-12-03 17:11:58.949] [exthost1] [info] ExtensionService#_doActivateExtension vscode.gulp {"startup":false,"activationEvent":"onCommand:workbench.action.tasks.runTask"}
[2018-12-03 17:11:58.949] [[2018-12-03 17:11:57.148] [exthost1] [info] ExtensionService#loadCommonJSModule /home/dit/.codemix/engine/resources/app/extensions/typescript-language-features/dist/extension
[2018-12-03 17:11:58.868] [exthost1] [info] ExtensionService#_doActivateExtension vscode.grunt {"startup":false,"activationEvent":"onCommand:workbench.action.tasks.runTask"}
[2018-12-03 17:11:58.868] [exthost1] [info] ExtensionService#loadCommonJSModule /home/dit/.codemix/engine/resources/app/extensions/grunt/out/main
[2018-12-03 17:11:58.949] [exthost1] [info] ExtensionService#_doActivateExtension vscode.gulp {"startup":false,"activationEvent":"onCommand:workbench.action.tasks.runTask"}
[2018-12-03 17:11:58.949] [exthost1] [info] ExtensionService#loadCommonJSModule /home/dit/.codemix/engine/resources/app/extensions/gulp/out/main
[2018-12-03 17:11:58.980] [exthost1] [info] ExtensionService#_doActivateExtension vscode.jake {"startup":false,"activationEvent":"onCommand:workbench.action.tasks.runTask"}
[2018-12-03 17:11:58.980] [exthost1] [info] ExtensionService#loadCommonJSModule /home/dit/.codemix/engine/resources/app/extensions/jake/out/main
[2018-12-03 17:11:59.011] [exthost1] [info] ExtensionService#_doActivateExtension vscode.npm {"startup":false,"activationEvent":"onCommand:workbench.action.tasks.runTask"}
[2018-12-03 17:11:59.011] [exthost1] [info] ExtensionService#loadCommonJSModule /home/dit/.codemix/engine/resources/app/extensions/npm/out/main
exthost1] [info] ExtensionService#loadCommonJSModule /home/dit/.codemix/engine/resources/app/extensions/gulp/out/main
[2018-12-03 17:11:58.979] [exthost1] [info] ExtensionService#_doActivateExtension vscode.jake {"startup":false,"activationEvent":"onCommand:workbench.action.tasks.runTask"}
[2018-12-03 17:11:58.980] [exthost1] [info] ExtensionService#loadCommonJSModule /home/dit/.codemix/engine/resources/app/extensions/jake/out/main
[2018-12-03 17:11:59.011] [exthost1] [info] ExtensionService#_doActivateExtension vscode.npm {"startup":false,"activationEvent":"onCommand:workbench.action.tasks.runTask"}
[2018-12-03 17:11:59.011] [exthost1] [info] ExtensionService#loadCommonJSModule /home/dit/.codemix/engine/resources/app/extensions/npm/out/main
