[2018-12-03 17:11:47.197] [main] [error] SyntaxError: Unexpected end of JSON input
    at JSON.parse (<anonymous>)
    at FileStorage.loadSync (/home/dit/.codemix/engine/resources/app/out/vs/code/electron-main/main.js:20566:29)
    at FileStorage.ensureLoaded (/home/dit/.codemix/engine/resources/app/out/vs/code/electron-main/main.js:20530:38)
    at FileStorage.getItem (/home/dit/.codemix/engine/resources/app/out/vs/code/electron-main/main.js:20534:18)
    at StateService.getItem (/home/dit/.codemix/engine/resources/app/out/vs/code/electron-main/main.js:20591:37)
    at LifecycleService.handleRestarted (/home/dit/.codemix/engine/resources/app/out/vs/code/electron-main/main.js:21555:54)
    at LifecycleService (/home/dit/.codemix/engine/resources/app/out/vs/code/electron-main/main.js:21552:18)
    at create (/home/dit/.codemix/engine/resources/app/out/vs/code/electron-main/main.js:3685:14)
    at InstantiationService._createInstance (/home/dit/.codemix/engine/resources/app/out/vs/code/electron-main/main.js:16623:35)
    at InstantiationService._createAndCacheServiceInstance (/home/dit/.codemix/engine/resources/app/out/vs/code/electron-main/main.js:16680:41)
    at InstantiationService._getOrCreateServiceInstance (/home/dit/.codemix/engine/resources/app/out/vs/code/electron-main/main.js:16628:29)
    at InstantiationService._createInstance (/home/dit/.codemix/engine/resources/app/out/vs/code/electron-main/main.js:16595:36)
    at InstantiationService.createInstance (/home/dit/.codemix/engine/resources/app/out/vs/code/electron-main/main.js:16584:29)
    at /home/dit/.codemix/engine/resources/app/out/vs/code/electron-main/main.js:32792:45
    at Object.notifySuccess [as _notify] (/home/dit/.codemix/engine/resources/app/out/vs/code/electron-main/main.js:7218:59)
    at Object.enter (/home/dit/.codemix/engine/resources/app/out/vs/code/electron-main/main.js:6894:30)
    at Promise_ctor._run (/home/dit/.codemix/engine/resources/app/out/vs/code/electron-main/main.js:7116:29)
    at Promise_ctor._completed (/home/dit/.codemix/engine/resources/app/out/vs/code/electron-main/main.js:7084:18)
    at Server.<anonymous> (/home/dit/.codemix/engine/resources/app/out/vs/code/electron-main/main.js:14266:17)
    at Object.onceWrapper (events.js:313:30)
    at emitNone (events.js:106:13)
    at Server.emit (events.js:208:7)
    at emitListeningNT (net.js:1378:10)
    at _combinedTickCallback (internal/process/next_tick.js:135:11)
    at process._tickCallback (internal/process/next_tick.js:180:9)
[2018-12-03 17:11:47.479] [main] [info] update#ctor - updates are disabled
