[2018-12-04 10:27:20.485] [exthost1] [info] extension host started
[2018-12-04 10:27:20.744] [exthost1] [info] extension host started
[2018-12-04 10:27:20.785] [exthost1] [info] ExtensionService#_doActivateExtension vscode.debug-auto-launch {"startup":true,"activationEvent":"*"}
[2018-12-04 10:27:20.785] [exthost1] [info] ExtensionService#loadCommonJSModule /home/dit/.codemix/engine/resources/app/extensions/debug-auto-launch/out/extension
[2018-12-04 10:27:20.801] [exthost1] [info] ExtensionService#_doActivateExtension vscode.emmet {"startup":true,"activationEvent":"*"}
[2018-12-04 10:27:20.801] [exthost1] [info] ExtensionService#loadCommonJSModule /home/dit/.codemix/engine/resources/app/extensions/emmet/dist/extension
[2018-12-04 10:27:20.866] [exthost1] [info] ExtensionService#_doActivateExtension vscode.merge-conflict {"startup":true,"activationEvent":"*"}
[2018-12-04 10:27:20.866] [exthost1] [info] ExtensionService#loadCommonJSModule /home/dit/.codemix/engine/resources/app/extensions/merge-conflict/out/extension
[2018-12-04 10:27:20.886] [exthost1] [info] ExtensionService#_doActivateExtension vscode.search-rg {"startup":true,"activationEvent":"*"}
[2018-12-04 10:27:20.886] [exthost1] [info] ExtensionService#loadCommonJSModule /home/dit/.codemix/engine/resources/app/extensions/search-rg/out/extension
[2018-12-04 10:27:20.898] [exthost1] [info] ExtensionService#_doActivateExtension christian-kohler.path-intellisense {"startup":true,"activationEvent":"*"}
[2018-12-04 10:27:20.898] [exthost1] [info] ExtensionService#loadCommonJSModule /home/dit/.codemix/extensions/christian-kohler.path-intellisense-1.4.2/out/src/extension
[2018-12-04 10:27:20.912] [exthost1] [info] ExtensionService#_doActivateExtension dbaeumer.vscode-eslint {"startup":true,"activationEvent":"*"}
[2018-12-04 10:27:20.912] [exthost1] [info] ExtensionService#loadCommonJSModule /home/dit/.codemix/extensions/dbaeumer.vscode-eslint-1.4.10/client/out/extension
[2018-12-04 10:27:20.993] [exthost1] [info] ExtensionService#_doActivateExtension formulahendry.auto-close-tag {"startup":true,"activationEvent":"*"}
[2018-12-04 10:27:20.993] [exthost1] [info] ExtensionService#loadCommonJSModule /home/dit/.codemix/extensions/formulahendry.auto-close-tag-0.5.6/out/src/extension
[2018-12-04 10:27:20.995] [exthost1] [info] ExtensionService#_doActivateExtension HookyQR.beautify {"startup":true,"activationEvent":"*"}
[2018-12-04 10:27:20.995] [exthost1] [info] ExtensionService#loadCommonJSModule /home/dit/.codemix/extensions/hookyqr.beautify-1.3.0/extension
[2018-12-04 10:27:21.059] [exthost1] [info] eager extensions activated
[2018-12-04 10:27:21.059] [exthost1] [info] ExtensionService#_doActivateExtension vscode.grunt {"startup":false,"activationEvent":"onCommand:workbench.action.tasks.runTask"}
[2018-12-04 10:27:21.059] [exthost1] [info] ExtensionService#loadCommonJSModule /home/dit/.codemix/engine/resources/app/extensions/grunt/out/main
[2018-12-04 10:27:21.065] [exthost1] [info] ExtensionService#_doActivateExtension vscode.gulp {"startup":false,"activationEvent":"onCommand:workbench.action.tasks.runTask"}
[2018-12-04 10:27:21.065] [exthost1] [info] ExtensionService#loadCommonJSModule /home/dit/.codemix/engine/resources/app/extensions/gulp/out/main
[2018-12-04 10:27:21.070] [exthost1] [info] ExtensionService#_doActivateExtension vscode.jake {"startup":false,"activationEvent":"onCommand:workbench.action.tasks.runTask"}
[2018-12-04 10:27:21.071] [exthost1] [info] ExtensionService#loadCommonJSModule /home/dit/.codemix/engine/resources/app/extensions/jake/out/main
[2018-12-04 10:27:21.076] [exthost1] [info] ExtensionService#_doActivateExtension vscode.npm {"startup":false,"activationEvent":"onCommand:workbench.action.tasks.runTask"}
[2018-12-04 10:27:21.076] [exthost1] [info] ExtensionService#loadCommonJSModule /home/dit/.codemix/engine/resources/app/extensions/npm/out/main
[2018-12-04 10:27:21.156] [exthost1] [info] ExtensionService#_doActivateExtension vscode.typescript-language-features {"startup":false,"activationEvent":"onCommand:workbench.action.tasks.runTask"}
[2018-12-04 10:27:21.156] [exthost1] [info] ExtensionService#loadCommonJSModule /home/dit/.codemix/engine/resources/app/extensions/typescript-language-features/dist/extension
[2018-12-04 10:27:21.285] [exthost1] [info] ExtensionService#_doActivateExtension vscode.configuration-editing {"startup":false,"activationEvent":"onLanguage:jsonc"}
[2018-12-04 10:27:21.285] [exthost1] [info] ExtensionService#loadCommonJSModule /home/dit/.codemix/engine/resources/app/extensions/configuration-editing/out/extension
[2018-12-04 10:27:21.298] [exthost1] [info] ExtensionService#_doActivateExtension vscode.json-language-features {"startup":false,"activationEvent":"onLanguage:jsonc"}
[2018-12-04 10:27:21.298] [exthost1] [info] ExtensionService#loadCommonJSModule /home/dit/.codemix/engine/resources/app/extensions/json-language-features/client/dist/jsonMain
