[2018-11-30 20:44:47.822] [exthost1] [info] extension host started
[2018-11-30 20:44:48.865] [exthost1] [info] extension host started
[2018-11-30 20:44:48.922] [exthost1] [info] ExtensionService#_doActivateExtension vscode.debug-auto-launch {"startup":true,"activationEvent":"*"}
[2018-11-30 20:44:48.923] [exthost1] [info] ExtensionService#loadCommonJSModule /home/dit/.codemix/engine/resources/app/extensions/debug-auto-launch/out/extension
[2018-11-30 20:44:48.942] [exthost1] [info] ExtensionService#_doActivateExtension vscode.emmet {"startup":true,"activationEvent":"*"}
[2018-11-30 20:44:48.942] [exthost1] [info] ExtensionService#loadCommonJSModule /home/dit/.codemix/engine/resources/app/extensions/emmet/dist/extension
[2018-11-30 20:44:49.032] [exthost1] [info] ExtensionService#_doActivateExtension vscode.merge-conflict {"startup":true,"activationEvent":"*"}
[2018-11-30 20:44:49.032] [exthost1] [info] ExtensionService#loadCommonJSModule /home/dit/.codemix/engine/resources/app/extensions/merge-conflict/out/extension
[2018-11-30 20:44:49.061] [exthost1] [info] ExtensionService#_doActivateExtension vscode.search-rg {"startup":true,"activationEvent":"*"}
[2018-11-30 20:44:49.061] [exthost1] [info] ExtensionService#loadCommonJSModule /home/dit/.codemix/engine/resources/app/extensions/search-rg/out/extension
[2018-11-30 20:44:49.084] [exthost1] [info] ExtensionService#_doActivateExtension christian-kohler.path-intellisense {"startup":true,"activationEvent":"*"}
[2018-11-30 20:44:49.085] [exthost1] [info] ExtensionService#loadCommonJSModule /home/dit/.codemix/extensions/christian-kohler.path-intellisense-1.4.2/out/src/extension
[2018-11-30 20:44:49.105] [exthost1] [info] ExtensionService#_doActivateExtension dbaeumer.vscode-eslint {"startup":true,"activationEvent":"*"}
[2018-11-30 20:44:49.105] [exthost1] [info] ExtensionService#loadCommonJSModule /home/dit/.codemix/extensions/dbaeumer.vscode-eslint-1.4.10/client/out/extension
[2018-11-30 20:44:49.220] [exthost1] [info] ExtensionService#_doActivateExtension formulahendry.auto-close-tag {"startup":true,"activationEvent":"*"}
[2018-11-30 20:44:49.221] [exthost1] [info] ExtensionService#loadCommonJSModule /home/dit/.codemix/extensions/formulahendry.auto-close-tag-0.5.6/out/src/extension
[2018-11-30 20:44:49.224] [exthost1] [info] ExtensionService#_doActivateExtension HookyQR.beautify {"startup":true,"activationEvent":"*"}
[2018-11-30 20:44:49.224] [exthost1] [info] ExtensionService#loadCommonJSModule /home/dit/.codemix/extensions/hookyqr.beautify-1.3.0/extension
[2018-11-30 20:44:49.319] [exthost1] [info] eager extensions activated
[2018-11-30 20:44:49.320] [exthost1] [info] ExtensionService#_doActivateExtension vscode.configuration-editing {"startup":false,"activationEvent":"onLanguage:jsonc"}
[2018-11-30 20:44:49.320] [exthost1] [info] ExtensionService#loadCommonJSModule /home/dit/.codemix/engine/resources/app/extensions/configuration-editing/out/extension
[2018-11-30 20:44:49.342] [exthost1] [info] ExtensionService#_doActivateExtension vscode.json-language-features {"startup":false,"activationEvent":"onLanguage:jsonc"}
[2018-11-30 20:44:49.342] [exthost1] [info] ExtensionService#loadCommonJSModule /home/dit/.codemix/engine/resources/app/extensions/json-language-features/client/dist/jsonMain
[2018-11-30 20:44:49.598] [exthost1] [info] ExtensionService#_doActivateExtension vscode.typescript-language-features {"startup":false,"activationEvent":"onLanguage:jsonc"}
[2018-11-30 20:44:49.598] [exthost1] [info] ExtensionService#loadCommonJSModule /home/dit/.codemix/engine/resources/app/extensions/typescript-language-features/dist/extension
[2018-11-30 20:44:49.829] [exthost1] [info] ExtensionService#_doActivateExtension vscode.grunt {"startup":false,"activationEvent":"onCommand:workbench.action.tasks.runTask"}
[2018-11-30 20:44:49.829] [exthost1] [info] ExtensionService#loadCommonJSModule /home/dit/.codemix/engine/resources/app/extensions/grunt/out/main
[2018-11-30 20:44:49.841] [exthost1] [info] ExtensionService#_doActivateExtension vscode.gulp {"startup":false,"activationEvent":"onCommand:workbench.action.tasks.runTask"}
[2018-11-30 20:44:49.841] [exthost1] [info] ExtensionService#loadCommonJSModule /home/dit/.codemix/engine/resources/app/extensions/gulp/out/main
[2018-11-30 20:44:49.848] [exthost1] [info] ExtensionService#_doActivateExtension vscode.jake {"startup":false,"activationEvent":"onCommand:workbench.action.tasks.runTask"}
[2018-11-30 20:44:49.849] [exthost1] [info] ExtensionService#loadCommonJSModule /home/dit/.codemix/engine/resources/app/extensions/jake/out/main
[2018-11-30 20:44:49.862] [exthost1] [info] ExtensionService#_doActivateExtension vscode.npm {"startup":false,"activationEvent":"onCommand:workbench.action.tasks.runTask"}
[2018-11-30 20:44:49.862] [exthost1] [info] ExtensionService#loadCommonJSModule /home/dit/.codemix/engine/resources/app/extensions/npm/out/main
